Vivado Simulator v2024.1.1
Copyright 1986-2022 Xilinx, Inc. All Rights Reserved.
Copyright 2022-2024 Advanced Micro Devices, Inc. All Rights Reserved.
Running: E:/Xilinx/Vivado/2024.1/bin/unwrapped/win64.o/xelab.exe --incr --debug typical --relax --mt 2 -L xil_defaultlib -L secureip --snapshot show_adder_sub_tb_behav xil_defaultlib.show_adder_sub_tb -log elaborate.log 
Using 2 slave threads.
Starting static elaboration
Completed static elaboration
Starting simulation data flow analysis
Completed simulation data flow analysis
Time Resolution for simulation is 1ps
Compiling package std.standard
Compiling package std.textio
Compiling package ieee.std_logic_1164
Compiling package ieee.std_logic_arith
Compiling package ieee.std_logic_unsigned
Compiling architecture behavioral of entity xil_defaultlib.xor_array_342 [xor_array_342_default]
Compiling architecture behavioral of entity xil_defaultlib.full_adder_342 [full_adder_342_default]
Compiling architecture structural of entity xil_defaultlib.four_bit_adder_342 [four_bit_adder_342_default]
Compiling architecture structual of entity xil_defaultlib.four_bit_adder_sub_342 [four_bit_adder_sub_342_default]
Compiling architecture behavioral of entity xil_defaultlib.seven_segment_display_342 [seven_segment_display_342_defaul...]
Compiling architecture structural of entity xil_defaultlib.show_adder_sub_342 [show_adder_sub_342_default]
Compiling architecture behavioral of entity xil_defaultlib.show_adder_sub_tb
Built simulation snapshot show_adder_sub_tb_behav
