Copyright 1986-2022 Xilinx, Inc. All Rights Reserved. Copyright 2022-2024 Advanced Micro Devices, Inc. All Rights Reserved.
-----------------------------------------------------------------------------------------------------------------------------------------------------------------------
| Tool Version : Vivado v.2024.1.1 (win64) Build 5094488 Fri Jun 14 08:59:21 MDT 2024
| Date         : Tue Sep 10 17:14:37 2024
| Host         : LAPTOP-D2QVBJO8 running 64-bit major release  (build 9200)
| Command      : report_methodology -file Control_LED_methodology_drc_routed.rpt -pb Control_LED_methodology_drc_routed.pb -rpx Control_LED_methodology_drc_routed.rpx
| Design       : Control_LED
| Device       : xc7a35tcpg236-3
| Speed File   : -3
| Design State : Fully Routed
-----------------------------------------------------------------------------------------------------------------------------------------------------------------------

Report Methodology

Table of Contents
-----------------
1. REPORT SUMMARY
2. REPORT DETAILS

1. REPORT SUMMARY
-----------------
            Netlist: netlist
          Floorplan: design_1
      Design limits: <entire design considered>
             Max violations: <unlimited>
             Violations found: 0
+------+----------+-------------+------------+
| Rule | Severity | Description | Violations |
+------+----------+-------------+------------+
+------+----------+-------------+------------+

2. REPORT DETAILS
-----------------

