Vivado Simulator v2024.1.1
Copyright 1986-2022 Xilinx, Inc. All Rights Reserved.
Copyright 2022-2024 Advanced Micro Devices, Inc. All Rights Reserved.
Running: E:/Xilinx/Vivado/2024.1/bin/unwrapped/win64.o/xelab.exe --incr --debug typical --relax --mt 2 -L xil_defaultlib -L unisims_ver -L secureip --snapshot four_bit_adder_sub_tb_342_func_impl xil_defaultlib.four_bit_adder_sub_tb_342 xil_defaultlib.glbl -log elaborate.log 
Using 2 slave threads.
Starting static elaboration
Pass Through NonSizing Optimizer
Completed static elaboration
Starting simulation data flow analysis
Completed simulation data flow analysis
Time Resolution for simulation is 1ps
Compiling package std.standard
Compiling package std.textio
Compiling package ieee.std_logic_1164
Compiling package vl.vl_types
Compiling module xil_defaultlib.glbl
Compiling module unisims_ver.IBUF
Compiling module unisims_ver.OBUF
Compiling module unisims_ver.LUT6
Compiling module unisims_ver.LUT5
Compiling module unisims_ver.x_lut2_mux4
Compiling module unisims_ver.LUT2(INIT=4'b0110)
Compiling module unisims_ver.LUT4(INIT=16'b0110100110010110)
Compiling module xil_defaultlib.four_bit_adder_sub_342
Compiling architecture behavioral of entity xil_defaultlib.four_bit_adder_sub_tb_342
Built simulation snapshot four_bit_adder_sub_tb_342_func_impl
